2017-11-23 12:29:29,327 - SimpleLog4JLogSystem initialized using logfile 'velocity.log'
2017-11-23 12:29:29,328 - ************************************************************** 
2017-11-23 12:29:29,328 - Starting Jakarta Velocity v1.4
2017-11-23 12:29:29,328 - RuntimeInstance initializing.
2017-11-23 12:29:29,328 - Default Properties File: org\apache\velocity\runtime\defaults\velocity.properties
2017-11-23 12:29:29,328 - Trying to use logger class org.apache.velocity.runtime.log.SimpleLog4JLogSystem
2017-11-23 12:29:29,328 - Using logger class org.apache.velocity.runtime.log.SimpleLog4JLogSystem
2017-11-23 12:29:29,330 - Default ResourceManager initializing. (class org.apache.velocity.runtime.resource.ResourceManagerImpl)
2017-11-23 12:29:29,332 - Resource Loader Instantiated: org.apache.velocity.runtime.resource.loader.ClasspathResourceLoader
2017-11-23 12:29:29,333 - ClasspathResourceLoader : initialization starting.
2017-11-23 12:29:29,333 - ClasspathResourceLoader : initialization complete.
2017-11-23 12:29:29,334 - ResourceCache : initialized. (class org.apache.velocity.runtime.resource.ResourceCacheImpl)
2017-11-23 12:29:29,334 - Default ResourceManager initialization complete.
2017-11-23 12:29:29,336 - Loaded System Directive: org.apache.velocity.runtime.directive.Literal
2017-11-23 12:29:29,337 - Loaded System Directive: org.apache.velocity.runtime.directive.Macro
2017-11-23 12:29:29,339 - Loaded System Directive: org.apache.velocity.runtime.directive.Parse
2017-11-23 12:29:29,341 - Loaded System Directive: org.apache.velocity.runtime.directive.Include
2017-11-23 12:29:29,341 - Loaded System Directive: org.apache.velocity.runtime.directive.Foreach
2017-11-23 12:29:29,365 - Created: 20 parsers.
2017-11-23 12:29:29,370 - Velocimacro : initialization starting.
2017-11-23 12:29:29,370 - Velocimacro : adding VMs from VM library template : VM_global_library.vm
2017-11-23 12:29:29,379 - ResourceManager : unable to find resource 'VM_global_library.vm' in any resource loader.
2017-11-23 12:29:29,379 - Velocimacro : error using  VM library template VM_global_library.vm : org.apache.velocity.exception.ResourceNotFoundException: Unable to find resource 'VM_global_library.vm'
2017-11-23 12:29:29,379 - Velocimacro :  VM library template macro registration complete.
2017-11-23 12:29:29,379 - Velocimacro : allowInline = true : VMs can be defined inline in templates
2017-11-23 12:29:29,379 - Velocimacro : allowInlineToOverride = false : VMs defined inline may NOT replace previous VM definitions
2017-11-23 12:29:29,379 - Velocimacro : allowInlineLocal = false : VMs defined inline will be  global in scope if allowed.
2017-11-23 12:29:29,379 - Velocimacro : messages on  : VM system will output logging messages
2017-11-23 12:29:29,379 - Velocimacro : autoload off  : VM system will not automatically reload global library macros
2017-11-23 12:29:29,379 - Velocimacro : initialization complete.
2017-11-23 12:29:29,379 - Velocity successfully started.
2017-11-23 12:30:37,232 - SimpleLog4JLogSystem initialized using logfile 'velocity.log'
2017-11-23 12:30:37,232 - ************************************************************** 
2017-11-23 12:30:37,232 - Starting Jakarta Velocity v1.4
2017-11-23 12:30:37,232 - RuntimeInstance initializing.
2017-11-23 12:30:37,233 - Default Properties File: org\apache\velocity\runtime\defaults\velocity.properties
2017-11-23 12:30:37,233 - Trying to use logger class org.apache.velocity.runtime.log.SimpleLog4JLogSystem
2017-11-23 12:30:37,233 - Using logger class org.apache.velocity.runtime.log.SimpleLog4JLogSystem
2017-11-23 12:30:37,235 - Default ResourceManager initializing. (class org.apache.velocity.runtime.resource.ResourceManagerImpl)
2017-11-23 12:30:37,237 - Resource Loader Instantiated: org.apache.velocity.runtime.resource.loader.ClasspathResourceLoader
2017-11-23 12:30:37,237 - ClasspathResourceLoader : initialization starting.
2017-11-23 12:30:37,237 - ClasspathResourceLoader : initialization complete.
2017-11-23 12:30:37,238 - ResourceCache : initialized. (class org.apache.velocity.runtime.resource.ResourceCacheImpl)
2017-11-23 12:30:37,238 - Default ResourceManager initialization complete.
2017-11-23 12:30:37,240 - Loaded System Directive: org.apache.velocity.runtime.directive.Literal
2017-11-23 12:30:37,241 - Loaded System Directive: org.apache.velocity.runtime.directive.Macro
2017-11-23 12:30:37,243 - Loaded System Directive: org.apache.velocity.runtime.directive.Parse
2017-11-23 12:30:37,245 - Loaded System Directive: org.apache.velocity.runtime.directive.Include
2017-11-23 12:30:37,246 - Loaded System Directive: org.apache.velocity.runtime.directive.Foreach
2017-11-23 12:30:37,270 - Created: 20 parsers.
2017-11-23 12:30:37,275 - Velocimacro : initialization starting.
2017-11-23 12:30:37,275 - Velocimacro : adding VMs from VM library template : VM_global_library.vm
2017-11-23 12:30:37,283 - ResourceManager : unable to find resource 'VM_global_library.vm' in any resource loader.
2017-11-23 12:30:37,283 - Velocimacro : error using  VM library template VM_global_library.vm : org.apache.velocity.exception.ResourceNotFoundException: Unable to find resource 'VM_global_library.vm'
2017-11-23 12:30:37,283 - Velocimacro :  VM library template macro registration complete.
2017-11-23 12:30:37,283 - Velocimacro : allowInline = true : VMs can be defined inline in templates
2017-11-23 12:30:37,283 - Velocimacro : allowInlineToOverride = false : VMs defined inline may NOT replace previous VM definitions
2017-11-23 12:30:37,283 - Velocimacro : allowInlineLocal = false : VMs defined inline will be  global in scope if allowed.
2017-11-23 12:30:37,283 - Velocimacro : messages on  : VM system will output logging messages
2017-11-23 12:30:37,284 - Velocimacro : autoload off  : VM system will not automatically reload global library macros
2017-11-23 12:30:37,284 - Velocimacro : initialization complete.
2017-11-23 12:30:37,284 - Velocity successfully started.
